\BOOKMARK [1][-]{section.1}{Overview}{}% 1
\BOOKMARK [1][-]{section.2}{Data Manipulation}{}% 2
\BOOKMARK [1][-]{section.3}{Unsupervised Learning}{}% 3
\BOOKMARK [2][-]{section*.1}{Hidden Markov Model}{section.3}% 4
\BOOKMARK [2][-]{section*.1}{Markov Model}{section.3}% 5
\BOOKMARK [3][-]{section*.2}{1st order Markov Chain Model}{section*.1}% 6
\BOOKMARK [3][-]{equation.3.1}{2nd order Markov Chain Model}{section*.1}% 7
\BOOKMARK [2][-]{equation.3.3}{Notes on some trials and improvements}{section.3}% 8
\BOOKMARK [1][-]{section.4}{Visualization and Interpretation for HMM}{}% 9
\BOOKMARK [2][-]{section*.3}{Number of hidden states}{section.4}% 10
\BOOKMARK [2][-]{figure.caption.4}{5pt}{section.4}% 11
\BOOKMARK [2][-]{figure.caption.4}{Interpreting the hidden states}{section.4}% 12
\BOOKMARK [1][-]{section.5}{Poetry Generation}{}% 13
\BOOKMARK [2][-]{section*.8}{1st Hidden Markov Model}{section.5}% 14
\BOOKMARK [3][-]{section*.8}{2nd order Markov Chain Model}{section.5}% 15
\BOOKMARK [2][-]{section*.9}{Hope or Fear?}{section.5}% 16
\BOOKMARK [1][-]{section.6}{Additional researches that we have worked on}{}% 17
\BOOKMARK [2][-]{section*.10}{Rhyme}{section.6}% 18
\BOOKMARK [2][-]{lstnumber.-2.2}{Controlling the total number of syllables in a line}{section.6}% 19
\BOOKMARK [2][-]{lstnumber.-3.6}{Incorporating additional texts}{section.6}% 20
\BOOKMARK [1][-]{section.7}{Conclusion}{}% 21
